[2020-04-17T15:15:48.822+0800][0.016s] Heap region size: 1M
[2020-04-17T15:15:48.822+0800][0.017s] Heap address: 0x00000007e0000000, size: 512 MB, Compressed Oops mode: Zero based, Oop shift amount: 3
[2020-04-17T15:15:48.828+0800][0.022s] Using G1
[2020-04-17T15:15:48.828+0800][0.022s] Mark closed archive regions in map: [0x00000007fff00000, 0x00000007fff7aff8]
[2020-04-17T15:15:48.828+0800][0.023s] Mark open archive regions in map: [0x00000007ffe00000, 0x00000007ffe50ff8]
[2020-04-17T15:15:48.850+0800][0.045s] Periodic GC disabled
[2020-04-17T15:15:51.741+0800][2.935s] GC(0) Pause Young (Concurrent Start) (Metadata GC Threshold)
[2020-04-17T15:15:51.741+0800][2.936s] GC(0) Using 4 workers of 4 for evacuation
[2020-04-17T15:15:51.755+0800][2.949s] GC(0)   Pre Evacuate Collection Set: 0.1ms
[2020-04-17T15:15:51.755+0800][2.949s] GC(0)   Merge Heap Roots: 0.0ms
[2020-04-17T15:15:51.755+0800][2.949s] GC(0)   Evacuate Collection Set: 11.9ms
[2020-04-17T15:15:51.755+0800][2.949s] GC(0)   Post Evacuate Collection Set: 1.2ms
[2020-04-17T15:15:51.755+0800][2.949s] GC(0)   Other: 0.7ms
[2020-04-17T15:15:51.755+0800][2.949s] GC(0) Eden regions: 118->0(116)
[2020-04-17T15:15:51.755+0800][2.949s] GC(0) Survivor regions: 0->12(32)
[2020-04-17T15:15:51.755+0800][2.949s] GC(0) Old regions: 0->0
[2020-04-17T15:15:51.755+0800][2.949s] GC(0) Archive regions: 2->2
[2020-04-17T15:15:51.755+0800][2.949s] GC(0) Humongous regions: 0->0
[2020-04-17T15:15:51.755+0800][2.949s] GC(0) Metaspace: 20496K(21248K)->20496K(21248K) NonClass: 18122K(18688K)->18122K(18688K) Class: 2374K(2560K)->2374K(2560K)
[2020-04-17T15:15:51.755+0800][2.949s] GC(0) Pause Young (Concurrent Start) (Metadata GC Threshold) 118M->11M(512M) 14.066ms
[2020-04-17T15:15:51.755+0800][2.949s] GC(0) User=0.04s Sys=0.01s Real=0.01s
[2020-04-17T15:15:51.755+0800][2.949s] GC(1) Concurrent Cycle
[2020-04-17T15:15:51.755+0800][2.949s] GC(1) Concurrent Clear Claimed Marks
[2020-04-17T15:15:51.755+0800][2.949s] GC(1) Concurrent Clear Claimed Marks 0.043ms
[2020-04-17T15:15:51.755+0800][2.949s] GC(1) Concurrent Scan Root Regions
[2020-04-17T15:15:51.758+0800][2.953s] GC(1) Concurrent Scan Root Regions 3.343ms
[2020-04-17T15:15:51.758+0800][2.953s] GC(1) Concurrent Mark (2.953s)
[2020-04-17T15:15:51.758+0800][2.953s] GC(1) Concurrent Mark From Roots
[2020-04-17T15:15:51.758+0800][2.953s] GC(1) Using 4 workers of 4 for marking
[2020-04-17T15:15:51.770+0800][2.965s] GC(1) Concurrent Mark From Roots 12.027ms
[2020-04-17T15:15:51.771+0800][2.965s] GC(1) Concurrent Preclean
[2020-04-17T15:15:51.771+0800][2.965s] GC(1) Concurrent Preclean 0.044ms
[2020-04-17T15:15:51.771+0800][2.965s] GC(1) Concurrent Mark (2.953s, 2.965s) 12.182ms
[2020-04-17T15:15:51.771+0800][2.965s] GC(1) Pause Remark
[2020-04-17T15:15:51.773+0800][2.967s] GC(1) Pause Remark 12M->12M(512M) 1.757ms
[2020-04-17T15:15:51.773+0800][2.967s] GC(1) User=0.00s Sys=0.00s Real=0.00s
[2020-04-17T15:15:51.775+0800][2.970s] GC(1) Concurrent Rebuild Remembered Sets
[2020-04-17T15:15:51.776+0800][2.971s] GC(1) Concurrent Rebuild Remembered Sets 0.814ms
[2020-04-17T15:15:51.776+0800][2.971s] GC(1) Pause Cleanup
[2020-04-17T15:15:51.777+0800][2.971s] GC(1) Pause Cleanup 12M->12M(512M) 0.089ms
[2020-04-17T15:15:51.777+0800][2.971s] GC(1) User=0.00s Sys=0.00s Real=0.00s
[2020-04-17T15:15:51.777+0800][2.971s] GC(1) Concurrent Cleanup for Next Mark
[2020-04-17T15:15:51.780+0800][2.974s] GC(1) Concurrent Cleanup for Next Mark 3.009ms
[2020-04-17T15:15:51.780+0800][2.974s] GC(1) Concurrent Cycle 24.846ms
[2020-04-17T15:15:53.216+0800][4.410s] GC(2) Pause Young (Normal) (G1 Evacuation Pause)
[2020-04-17T15:15:53.216+0800][4.410s] GC(2) Using 4 workers of 4 for evacuation
[2020-04-17T15:15:53.234+0800][4.428s] GC(2)   Pre Evacuate Collection Set: 0.1ms
[2020-04-17T15:15:53.234+0800][4.428s] GC(2)   Merge Heap Roots: 0.0ms
[2020-04-17T15:15:53.234+0800][4.428s] GC(2)   Evacuate Collection Set: 16.9ms
[2020-04-17T15:15:53.234+0800][4.428s] GC(2)   Post Evacuate Collection Set: 0.8ms
[2020-04-17T15:15:53.234+0800][4.428s] GC(2)   Other: 0.2ms
[2020-04-17T15:15:53.234+0800][4.428s] GC(2) Eden regions: 116->0(109)
[2020-04-17T15:15:53.234+0800][4.428s] GC(2) Survivor regions: 12->19(32)
[2020-04-17T15:15:53.234+0800][4.428s] GC(2) Old regions: 0->0
[2020-04-17T15:15:53.234+0800][4.428s] GC(2) Archive regions: 2->2
[2020-04-17T15:15:53.234+0800][4.428s] GC(2) Humongous regions: 1->1
[2020-04-17T15:15:53.234+0800][4.428s] GC(2) Metaspace: 27598K(28668K)->27598K(28668K) NonClass: 24322K(25088K)->24322K(25088K) Class: 3276K(3580K)->3276K(3580K)
[2020-04-17T15:15:53.234+0800][4.428s] GC(2) Pause Young (Normal) (G1 Evacuation Pause) 128M->20M(512M) 18.211ms
[2020-04-17T15:15:53.234+0800][4.428s] GC(2) User=0.06s Sys=0.01s Real=0.02s
[2020-04-17T15:15:53.550+0800][4.745s] GC(3) Pause Young (Normal) (G1 Evacuation Pause)
[2020-04-17T15:15:53.550+0800][4.745s] GC(3) Using 4 workers of 4 for evacuation
[2020-04-17T15:15:53.565+0800][4.759s] GC(3)   Pre Evacuate Collection Set: 0.0ms
[2020-04-17T15:15:53.565+0800][4.759s] GC(3)   Merge Heap Roots: 0.0ms
[2020-04-17T15:15:53.565+0800][4.759s] GC(3)   Evacuate Collection Set: 12.6ms
[2020-04-17T15:15:53.565+0800][4.759s] GC(3)   Post Evacuate Collection Set: 1.5ms
[2020-04-17T15:15:53.565+0800][4.759s] GC(3)   Other: 0.2ms
[2020-04-17T15:15:53.565+0800][4.759s] GC(3) Eden regions: 109->0(109)
[2020-04-17T15:15:53.565+0800][4.759s] GC(3) Survivor regions: 19->19(32)
[2020-04-17T15:15:53.565+0800][4.759s] GC(3) Old regions: 0->0
[2020-04-17T15:15:53.565+0800][4.759s] GC(3) Archive regions: 2->2
[2020-04-17T15:15:53.565+0800][4.759s] GC(3) Humongous regions: 1->1
[2020-04-17T15:15:53.565+0800][4.759s] GC(3) Metaspace: 28937K(29948K)->28937K(29948K) NonClass: 25492K(26112K)->25492K(26112K) Class: 3445K(3836K)->3445K(3836K)
[2020-04-17T15:15:53.565+0800][4.759s] GC(3) Pause Young (Normal) (G1 Evacuation Pause) 129M->20M(512M) 14.540ms
[2020-04-17T15:15:53.565+0800][4.759s] GC(3) User=0.04s Sys=0.00s Real=0.01s
[2020-04-17T15:15:54.572+0800][5.767s] GC(4) Pause Young (Normal) (G1 Evacuation Pause)
[2020-04-17T15:15:54.572+0800][5.767s] GC(4) Using 4 workers of 4 for evacuation
[2020-04-17T15:15:54.588+0800][5.783s] GC(4)   Pre Evacuate Collection Set: 0.1ms
[2020-04-17T15:15:54.588+0800][5.783s] GC(4)   Merge Heap Roots: 0.0ms
[2020-04-17T15:15:54.588+0800][5.783s] GC(4)   Evacuate Collection Set: 14.7ms
[2020-04-17T15:15:54.588+0800][5.783s] GC(4)   Post Evacuate Collection Set: 1.0ms
[2020-04-17T15:15:54.588+0800][5.783s] GC(4)   Other: 0.2ms
[2020-04-17T15:15:54.588+0800][5.783s] GC(4) Eden regions: 109->0(108)
[2020-04-17T15:15:54.588+0800][5.783s] GC(4) Survivor regions: 19->20(32)
[2020-04-17T15:15:54.589+0800][5.783s] GC(4) Old regions: 0->0
[2020-04-17T15:15:54.589+0800][5.783s] GC(4) Archive regions: 2->2
[2020-04-17T15:15:54.589+0800][5.783s] GC(4) Humongous regions: 1->1
[2020-04-17T15:15:54.589+0800][5.783s] GC(4) Metaspace: 33580K(34556K)->33580K(34556K) NonClass: 29569K(30208K)->29569K(30208K) Class: 4011K(4348K)->4011K(4348K)
[2020-04-17T15:15:54.589+0800][5.783s] GC(4) Pause Young (Normal) (G1 Evacuation Pause) 129M->21M(512M) 16.130ms
[2020-04-17T15:15:54.589+0800][5.783s] GC(4) User=0.05s Sys=0.01s Real=0.01s
[2020-04-17T15:15:54.773+0800][5.968s] GC(5) Pause Young (Concurrent Start) (Metadata GC Threshold)
[2020-04-17T15:15:54.773+0800][5.968s] GC(5) Using 4 workers of 4 for evacuation
[2020-04-17T15:15:54.788+0800][5.983s] GC(5)   Pre Evacuate Collection Set: 0.1ms
[2020-04-17T15:15:54.788+0800][5.983s] GC(5)   Merge Heap Roots: 0.0ms
[2020-04-17T15:15:54.788+0800][5.983s] GC(5)   Evacuate Collection Set: 13.8ms
[2020-04-17T15:15:54.788+0800][5.983s] GC(5)   Post Evacuate Collection Set: 1.1ms
[2020-04-17T15:15:54.789+0800][5.983s] GC(5)   Other: 0.2ms
[2020-04-17T15:15:54.789+0800][5.983s] GC(5) Eden regions: 30->0(108)
[2020-04-17T15:15:54.789+0800][5.983s] GC(5) Survivor regions: 20->20(32)
[2020-04-17T15:15:54.789+0800][5.983s] GC(5) Old regions: 0->0
[2020-04-17T15:15:54.789+0800][5.983s] GC(5) Archive regions: 2->2
[2020-04-17T15:15:54.789+0800][5.983s] GC(5) Humongous regions: 1->1
[2020-04-17T15:15:54.789+0800][5.983s] GC(5) Metaspace: 35049K(36048K)->35049K(36048K) NonClass: 30793K(31488K)->30793K(31488K) Class: 4256K(4560K)->4256K(4560K)
[2020-04-17T15:15:54.789+0800][5.983s] GC(5) Pause Young (Concurrent Start) (Metadata GC Threshold) 51M->21M(512M) 15.372ms
[2020-04-17T15:15:54.789+0800][5.983s] GC(5) User=0.05s Sys=0.00s Real=0.01s
[2020-04-17T15:15:54.789+0800][5.983s] GC(6) Concurrent Cycle
[2020-04-17T15:15:54.789+0800][5.983s] GC(6) Concurrent Clear Claimed Marks
[2020-04-17T15:15:54.789+0800][5.983s] GC(6) Concurrent Clear Claimed Marks 0.053ms
[2020-04-17T15:15:54.789+0800][5.983s] GC(6) Concurrent Scan Root Regions
[2020-04-17T15:15:54.794+0800][5.988s] GC(6) Concurrent Scan Root Regions 5.376ms
[2020-04-17T15:15:54.794+0800][5.988s] GC(6) Concurrent Mark (5.988s)
[2020-04-17T15:15:54.794+0800][5.989s] GC(6) Concurrent Mark From Roots
[2020-04-17T15:15:54.794+0800][5.989s] GC(6) Using 4 workers of 4 for marking
[2020-04-17T15:15:54.796+0800][5.990s] GC(6) Concurrent Mark From Roots 1.476ms
[2020-04-17T15:15:54.796+0800][5.990s] GC(6) Concurrent Preclean
[2020-04-17T15:15:54.796+0800][5.990s] GC(6) Concurrent Preclean 0.028ms
[2020-04-17T15:15:54.796+0800][5.990s] GC(6) Concurrent Mark (5.988s, 5.990s) 1.593ms
[2020-04-17T15:15:54.796+0800][5.990s] GC(6) Pause Remark
[2020-04-17T15:15:54.799+0800][5.993s] GC(6) Pause Remark 23M->23M(512M) 2.876ms
[2020-04-17T15:15:54.799+0800][5.993s] GC(6) User=0.01s Sys=0.00s Real=0.00s
[2020-04-17T15:15:54.799+0800][5.993s] GC(6) Concurrent Rebuild Remembered Sets
[2020-04-17T15:15:54.800+0800][5.994s] GC(6) Concurrent Rebuild Remembered Sets 0.690ms
[2020-04-17T15:15:54.800+0800][5.995s] GC(6) Pause Cleanup
[2020-04-17T15:15:54.800+0800][5.995s] GC(6) Pause Cleanup 23M->23M(512M) 0.098ms
[2020-04-17T15:15:54.800+0800][5.995s] GC(6) User=0.00s Sys=0.00s Real=0.00s
[2020-04-17T15:15:54.801+0800][5.995s] GC(6) Concurrent Cleanup for Next Mark
[2020-04-17T15:15:54.804+0800][5.999s] GC(6) Concurrent Cleanup for Next Mark 3.134ms
[2020-04-17T15:15:54.804+0800][5.999s] GC(6) Concurrent Cycle 15.718ms
[2020-04-17T15:15:57.653+0800][8.847s] GC(7) Pause Young (Normal) (G1 Evacuation Pause)
[2020-04-17T15:15:57.653+0800][8.847s] GC(7) Using 4 workers of 4 for evacuation
[2020-04-17T15:15:57.702+0800][8.896s] GC(7)   Pre Evacuate Collection Set: 0.1ms
[2020-04-17T15:15:57.702+0800][8.896s] GC(7)   Merge Heap Roots: 0.1ms
[2020-04-17T15:15:57.702+0800][8.896s] GC(7)   Evacuate Collection Set: 46.9ms
[2020-04-17T15:15:57.702+0800][8.896s] GC(7)   Post Evacuate Collection Set: 1.6ms
[2020-04-17T15:15:57.702+0800][8.896s] GC(7)   Other: 0.2ms
[2020-04-17T15:15:57.702+0800][8.896s] GC(7) Eden regions: 108->0(96)
[2020-04-17T15:15:57.702+0800][8.896s] GC(7) Survivor regions: 20->32(32)
[2020-04-17T15:15:57.702+0800][8.896s] GC(7) Old regions: 0->7
[2020-04-17T15:15:57.702+0800][8.896s] GC(7) Archive regions: 2->2
[2020-04-17T15:15:57.702+0800][8.896s] GC(7) Humongous regions: 1->1
[2020-04-17T15:15:57.702+0800][8.896s] GC(7) Metaspace: 39182K(40400K)->39182K(40400K) NonClass: 34432K(35328K)->34432K(35328K) Class: 4749K(5072K)->4749K(5072K)
[2020-04-17T15:15:57.702+0800][8.896s] GC(7) Pause Young (Normal) (G1 Evacuation Pause) 129M->39M(512M) 49.022ms
[2020-04-17T15:15:57.702+0800][8.896s] GC(7) User=0.16s Sys=0.01s Real=0.05s
[2020-04-17T15:15:58.065+0800][9.259s] GC(8) Pause Young (Normal) (G1 Evacuation Pause)
[2020-04-17T15:15:58.065+0800][9.259s] GC(8) Using 4 workers of 4 for evacuation
[2020-04-17T15:15:58.233+0800][9.428s] GC(8)   Pre Evacuate Collection Set: 0.1ms
[2020-04-17T15:15:58.233+0800][9.428s] GC(8)   Merge Heap Roots: 0.1ms
[2020-04-17T15:15:58.234+0800][9.428s] GC(8)   Evacuate Collection Set: 167.2ms
[2020-04-17T15:15:58.234+0800][9.428s] GC(8)   Post Evacuate Collection Set: 1.4ms
[2020-04-17T15:15:58.234+0800][9.428s] GC(8)   Other: 0.2ms
[2020-04-17T15:15:58.234+0800][9.428s] GC(8) Eden regions: 96->0(96)
[2020-04-17T15:15:58.234+0800][9.428s] GC(8) Survivor regions: 32->32(32)
[2020-04-17T15:15:58.234+0800][9.428s] GC(8) Old regions: 7->93
[2020-04-17T15:15:58.234+0800][9.428s] GC(8) Archive regions: 2->2
[2020-04-17T15:15:58.234+0800][9.428s] GC(8) Humongous regions: 1->1
[2020-04-17T15:15:58.234+0800][9.428s] GC(8) Metaspace: 39187K(40400K)->39187K(40400K) NonClass: 34437K(35328K)->34437K(35328K) Class: 4749K(5072K)->4749K(5072K)
[2020-04-17T15:15:58.234+0800][9.428s] GC(8) Pause Young (Normal) (G1 Evacuation Pause) 135M->126M(512M) 169.155ms
[2020-04-17T15:15:58.234+0800][9.428s] GC(8) User=0.49s Sys=0.04s Real=0.17s
[2020-04-17T15:15:58.626+0800][9.820s] GC(9) Pause Young (Normal) (G1 Evacuation Pause)
[2020-04-17T15:15:58.626+0800][9.820s] GC(9) Using 4 workers of 4 for evacuation
[2020-04-17T15:15:58.812+0800][10.006s] GC(9)   Pre Evacuate Collection Set: 0.1ms
[2020-04-17T15:15:58.812+0800][10.006s] GC(9)   Merge Heap Roots: 0.0ms
[2020-04-17T15:15:58.812+0800][10.006s] GC(9)   Evacuate Collection Set: 184.6ms
[2020-04-17T15:15:58.812+0800][10.006s] GC(9)   Post Evacuate Collection Set: 0.6ms
[2020-04-17T15:15:58.812+0800][10.006s] GC(9)   Other: 0.2ms
[2020-04-17T15:15:58.812+0800][10.006s] GC(9) Eden regions: 96->0(96)
[2020-04-17T15:15:58.812+0800][10.006s] GC(9) Survivor regions: 32->32(32)
[2020-04-17T15:15:58.812+0800][10.006s] GC(9) Old regions: 93->174
[2020-04-17T15:15:58.812+0800][10.006s] GC(9) Archive regions: 2->2
[2020-04-17T15:15:58.812+0800][10.006s] GC(9) Humongous regions: 1->1
[2020-04-17T15:15:58.812+0800][10.006s] GC(9) Metaspace: 39187K(40400K)->39187K(40400K) NonClass: 34437K(35328K)->34437K(35328K) Class: 4749K(5072K)->4749K(5072K)
[2020-04-17T15:15:58.812+0800][10.006s] GC(9) Pause Young (Normal) (G1 Evacuation Pause) 222M->207M(512M) 185.756ms
[2020-04-17T15:15:58.812+0800][10.006s] GC(9) User=0.52s Sys=0.05s Real=0.19s
[2020-04-17T15:15:59.352+0800][10.547s] GC(10) Pause Young (Normal) (G1 Evacuation Pause)
[2020-04-17T15:15:59.352+0800][10.547s] GC(10) Using 4 workers of 4 for evacuation
[2020-04-17T15:15:59.540+0800][10.734s] GC(10)   Pre Evacuate Collection Set: 0.1ms
[2020-04-17T15:15:59.540+0800][10.734s] GC(10)   Merge Heap Roots: 0.1ms
[2020-04-17T15:15:59.540+0800][10.734s] GC(10)   Evacuate Collection Set: 186.9ms
[2020-04-17T15:15:59.540+0800][10.734s] GC(10)   Post Evacuate Collection Set: 0.5ms
[2020-04-17T15:15:59.540+0800][10.734s] GC(10)   Other: 0.2ms
[2020-04-17T15:15:59.540+0800][10.734s] GC(10) Eden regions: 96->0(96)
[2020-04-17T15:15:59.540+0800][10.734s] GC(10) Survivor regions: 32->32(32)
[2020-04-17T15:15:59.540+0800][10.734s] GC(10) Old regions: 174->254
[2020-04-17T15:15:59.540+0800][10.734s] GC(10) Archive regions: 2->2
[2020-04-17T15:15:59.540+0800][10.734s] GC(10) Humongous regions: 1->1
[2020-04-17T15:15:59.540+0800][10.734s] GC(10) Metaspace: 39187K(40400K)->39187K(40400K) NonClass: 34437K(35328K)->34437K(35328K) Class: 4749K(5072K)->4749K(5072K)
[2020-04-17T15:15:59.540+0800][10.734s] GC(10) Pause Young (Normal) (G1 Evacuation Pause) 303M->287M(512M) 187.839ms
[2020-04-17T15:15:59.540+0800][10.734s] GC(10) User=0.55s Sys=0.04s Real=0.19s
[2020-04-17T15:16:02.499+0800][13.693s] GC(11) Pause Young (Concurrent Start) (G1 Humongous Allocation)
[2020-04-17T15:16:02.499+0800][13.693s] GC(11) Using 4 workers of 4 for evacuation
[2020-04-17T15:16:02.584+0800][13.778s] GC(11)   Pre Evacuate Collection Set: 0.1ms
[2020-04-17T15:16:02.584+0800][13.778s] GC(11)   Merge Heap Roots: 0.0ms
[2020-04-17T15:16:02.584+0800][13.778s] GC(11)   Evacuate Collection Set: 85.0ms
[2020-04-17T15:16:02.584+0800][13.778s] GC(11)   Post Evacuate Collection Set: 0.4ms
[2020-04-17T15:16:02.584+0800][13.778s] GC(11)   Other: 0.2ms
[2020-04-17T15:16:02.584+0800][13.778s] GC(11) Eden regions: 36->0(96)
[2020-04-17T15:16:02.584+0800][13.778s] GC(11) Survivor regions: 32->32(32)
[2020-04-17T15:16:02.584+0800][13.778s] GC(11) Old regions: 254->282
[2020-04-17T15:16:02.584+0800][13.778s] GC(11) Archive regions: 2->2
[2020-04-17T15:16:02.584+0800][13.778s] GC(11) Humongous regions: 1->1
[2020-04-17T15:16:02.584+0800][13.778s] GC(11) Metaspace: 39530K(40784K)->39530K(40784K) NonClass: 34744K(35584K)->34744K(35584K) Class: 4786K(5200K)->4786K(5200K)
[2020-04-17T15:16:02.584+0800][13.778s] GC(11) Pause Young (Concurrent Start) (G1 Humongous Allocation) 323M->315M(512M) 85.840ms
[2020-04-17T15:16:02.584+0800][13.778s] GC(11) User=0.29s Sys=0.02s Real=0.09s
[2020-04-17T15:16:02.584+0800][13.779s] GC(12) Concurrent Cycle
[2020-04-17T15:16:02.585+0800][13.779s] GC(12) Concurrent Clear Claimed Marks
[2020-04-17T15:16:02.585+0800][13.779s] GC(12) Concurrent Clear Claimed Marks 0.063ms
[2020-04-17T15:16:02.585+0800][13.779s] GC(12) Concurrent Scan Root Regions
[2020-04-17T15:16:02.624+0800][13.818s] GC(12) Concurrent Scan Root Regions 39.203ms
[2020-04-17T15:16:02.624+0800][13.818s] GC(12) Concurrent Mark (13.818s)
[2020-04-17T15:16:02.624+0800][13.818s] GC(12) Concurrent Mark From Roots
[2020-04-17T15:16:02.624+0800][13.818s] GC(12) Using 4 workers of 4 for marking
[2020-04-17T15:16:03.117+0800][14.311s] GC(12) Concurrent Mark From Roots 493.414ms
[2020-04-17T15:16:03.117+0800][14.311s] GC(12) Concurrent Preclean
[2020-04-17T15:16:03.118+0800][14.312s] GC(12) Concurrent Preclean 0.153ms
[2020-04-17T15:16:03.118+0800][14.312s] GC(12) Concurrent Mark (13.818s, 14.312s) 493.675ms
[2020-04-17T15:16:03.118+0800][14.312s] GC(12) Pause Remark
[2020-04-17T15:16:03.124+0800][14.318s] GC(12) Pause Remark 323M->323M(512M) 6.662ms
[2020-04-17T15:16:03.124+0800][14.318s] GC(12) User=0.02s Sys=0.00s Real=0.01s
[2020-04-17T15:16:03.124+0800][14.318s] GC(12) Concurrent Rebuild Remembered Sets
[2020-04-17T15:16:03.335+0800][14.529s] GC(12) Concurrent Rebuild Remembered Sets 210.529ms
[2020-04-17T15:16:03.335+0800][14.529s] GC(12) Pause Cleanup
[2020-04-17T15:16:03.336+0800][14.530s] GC(12) Pause Cleanup 323M->323M(512M) 0.266ms
[2020-04-17T15:16:03.336+0800][14.530s] GC(12) User=0.00s Sys=0.00s Real=0.00s
[2020-04-17T15:16:03.336+0800][14.530s] GC(12) Concurrent Cleanup for Next Mark
[2020-04-17T15:16:03.337+0800][14.531s] GC(12) Concurrent Cleanup for Next Mark 1.238ms
[2020-04-17T15:16:03.337+0800][14.531s] GC(12) Concurrent Cycle 752.361ms
[2020-04-17T16:31:48.028+0800][4559.090s] GC(13) Pause Young (Normal) (G1 Evacuation Pause)
[2020-04-17T16:31:48.029+0800][4559.090s] GC(13) Using 4 workers of 4 for evacuation
[2020-04-17T16:31:48.154+0800][4559.216s] GC(13)   Pre Evacuate Collection Set: 0.8ms
[2020-04-17T16:31:48.154+0800][4559.216s] GC(13)   Merge Heap Roots: 0.4ms
[2020-04-17T16:31:48.154+0800][4559.216s] GC(13)   Evacuate Collection Set: 123.5ms
[2020-04-17T16:31:48.154+0800][4559.216s] GC(13)   Post Evacuate Collection Set: 1.0ms
[2020-04-17T16:31:48.155+0800][4559.216s] GC(13)   Other: 0.3ms
[2020-04-17T16:31:48.155+0800][4559.216s] GC(13) Eden regions: 96->0(98)
[2020-04-17T16:31:48.155+0800][4559.216s] GC(13) Survivor regions: 32->30(32)
[2020-04-17T16:31:48.155+0800][4559.216s] GC(13) Old regions: 282->288
[2020-04-17T16:31:48.155+0800][4559.216s] GC(13) Archive regions: 2->2
[2020-04-17T16:31:48.155+0800][4559.216s] GC(13) Humongous regions: 4->4
[2020-04-17T16:31:48.155+0800][4559.217s] GC(13) Metaspace: 41488K(42704K)->41488K(42704K) NonClass: 36535K(37376K)->36535K(37376K) Class: 4952K(5328K)->4952K(5328K)
[2020-04-17T16:31:48.155+0800][4559.217s] GC(13) Pause Young (Normal) (G1 Evacuation Pause) 414M->321M(512M) 126.213ms
[2020-04-17T16:31:48.155+0800][4559.217s] GC(13) User=0.18s Sys=0.18s Real=0.13s
[2020-04-17T16:31:48.267+0800][4559.329s] GC(14) Pause Young (Concurrent Start) (G1 Evacuation Pause)
[2020-04-17T16:31:48.267+0800][4559.329s] GC(14) Using 4 workers of 4 for evacuation
[2020-04-17T16:31:48.310+0800][4559.372s] GC(14)   Pre Evacuate Collection Set: 0.9ms
[2020-04-17T16:31:48.310+0800][4559.372s] GC(14)   Merge Heap Roots: 0.1ms
[2020-04-17T16:31:48.310+0800][4559.372s] GC(14)   Evacuate Collection Set: 39.7ms
[2020-04-17T16:31:48.310+0800][4559.372s] GC(14)   Post Evacuate Collection Set: 1.3ms
[2020-04-17T16:31:48.310+0800][4559.372s] GC(14)   Other: 0.4ms
[2020-04-17T16:31:48.310+0800][4559.372s] GC(14) Eden regions: 98->0(99)
[2020-04-17T16:31:48.310+0800][4559.372s] GC(14) Survivor regions: 30->29(32)
[2020-04-17T16:31:48.310+0800][4559.372s] GC(14) Old regions: 288->288
[2020-04-17T16:31:48.310+0800][4559.372s] GC(14) Archive regions: 2->2
[2020-04-17T16:31:48.310+0800][4559.372s] GC(14) Humongous regions: 4->4
[2020-04-17T16:31:48.310+0800][4559.372s] GC(14) Metaspace: 41488K(42704K)->41488K(42704K) NonClass: 36535K(37376K)->36535K(37376K) Class: 4952K(5328K)->4952K(5328K)
[2020-04-17T16:31:48.310+0800][4559.372s] GC(14) Pause Young (Concurrent Start) (G1 Evacuation Pause) 419M->320M(512M) 42.653ms
[2020-04-17T16:31:48.310+0800][4559.372s] GC(14) User=0.12s Sys=0.01s Real=0.05s
[2020-04-17T16:31:48.310+0800][4559.372s] GC(15) Concurrent Cycle
[2020-04-17T16:31:48.310+0800][4559.372s] GC(15) Concurrent Clear Claimed Marks
[2020-04-17T16:31:48.310+0800][4559.372s] GC(15) Concurrent Clear Claimed Marks 0.071ms
[2020-04-17T16:31:48.310+0800][4559.372s] GC(15) Concurrent Scan Root Regions
[2020-04-17T16:31:48.324+0800][4559.385s] GC(15) Concurrent Scan Root Regions 13.293ms
[2020-04-17T16:31:48.324+0800][4559.385s] GC(15) Concurrent Mark (4559.385s)
[2020-04-17T16:31:48.324+0800][4559.385s] GC(15) Concurrent Mark From Roots
[2020-04-17T16:31:48.324+0800][4559.386s] GC(15) Using 4 workers of 4 for marking
[2020-04-17T16:31:48.442+0800][4559.504s] GC(16) Pause Young (Normal) (G1 Evacuation Pause)
[2020-04-17T16:31:48.442+0800][4559.504s] GC(16) Using 4 workers of 4 for evacuation
[2020-04-17T16:31:48.478+0800][4559.540s] GC(16)   Pre Evacuate Collection Set: 0.1ms
[2020-04-17T16:31:48.478+0800][4559.540s] GC(16)   Merge Heap Roots: 0.1ms
[2020-04-17T16:31:48.478+0800][4559.540s] GC(16)   Evacuate Collection Set: 34.7ms
[2020-04-17T16:31:48.478+0800][4559.540s] GC(16)   Post Evacuate Collection Set: 0.9ms
[2020-04-17T16:31:48.478+0800][4559.540s] GC(16)   Other: 0.2ms
[2020-04-17T16:31:48.478+0800][4559.540s] GC(16) Eden regions: 99->0(99)
[2020-04-17T16:31:48.478+0800][4559.540s] GC(16) Survivor regions: 29->29(32)
[2020-04-17T16:31:48.478+0800][4559.540s] GC(16) Old regions: 288->288
[2020-04-17T16:31:48.478+0800][4559.540s] GC(16) Archive regions: 2->2
[2020-04-17T16:31:48.478+0800][4559.540s] GC(16) Humongous regions: 4->4
[2020-04-17T16:31:48.478+0800][4559.540s] GC(16) Metaspace: 41488K(42704K)->41488K(42704K) NonClass: 36535K(37376K)->36535K(37376K) Class: 4952K(5328K)->4952K(5328K)
[2020-04-17T16:31:48.478+0800][4559.540s] GC(16) Pause Young (Normal) (G1 Evacuation Pause) 419M->321M(512M) 36.118ms
[2020-04-17T16:31:48.478+0800][4559.540s] GC(16) User=0.13s Sys=0.00s Real=0.03s
[2020-04-17T16:31:48.680+0800][4559.742s] GC(17) Pause Young (Normal) (G1 Evacuation Pause)
[2020-04-17T16:31:48.680+0800][4559.742s] GC(17) Using 4 workers of 4 for evacuation
[2020-04-17T16:31:48.719+0800][4559.781s] GC(17)   Pre Evacuate Collection Set: 0.1ms
[2020-04-17T16:31:48.719+0800][4559.781s] GC(17)   Merge Heap Roots: 0.1ms
[2020-04-17T16:31:48.719+0800][4559.781s] GC(17)   Evacuate Collection Set: 38.2ms
[2020-04-17T16:31:48.719+0800][4559.781s] GC(17)   Post Evacuate Collection Set: 0.8ms
[2020-04-17T16:31:48.719+0800][4559.781s] GC(17)   Other: 0.2ms
[2020-04-17T16:31:48.719+0800][4559.781s] GC(17) Eden regions: 99->0(99)
[2020-04-17T16:31:48.719+0800][4559.781s] GC(17) Survivor regions: 29->29(32)
[2020-04-17T16:31:48.719+0800][4559.781s] GC(17) Old regions: 288->288
[2020-04-17T16:31:48.719+0800][4559.781s] GC(17) Archive regions: 2->2
[2020-04-17T16:31:48.719+0800][4559.781s] GC(17) Humongous regions: 4->4
[2020-04-17T16:31:48.719+0800][4559.781s] GC(17) Metaspace: 41488K(42704K)->41488K(42704K) NonClass: 36535K(37376K)->36535K(37376K) Class: 4952K(5328K)->4952K(5328K)
[2020-04-17T16:31:48.719+0800][4559.781s] GC(17) Pause Young (Normal) (G1 Evacuation Pause) 420M->320M(512M) 39.520ms
[2020-04-17T16:31:48.719+0800][4559.781s] GC(17) User=0.11s Sys=0.01s Real=0.03s
[2020-04-17T16:31:48.798+0800][4559.860s] GC(18) Pause Young (Normal) (G1 Evacuation Pause)
[2020-04-17T16:31:48.798+0800][4559.860s] GC(18) Using 4 workers of 4 for evacuation
[2020-04-17T16:31:48.836+0800][4559.898s] GC(18)   Pre Evacuate Collection Set: 0.1ms
[2020-04-17T16:31:48.836+0800][4559.898s] GC(18)   Merge Heap Roots: 0.1ms
[2020-04-17T16:31:48.836+0800][4559.898s] GC(18)   Evacuate Collection Set: 36.0ms
[2020-04-17T16:31:48.836+0800][4559.898s] GC(18)   Post Evacuate Collection Set: 1.1ms
[2020-04-17T16:31:48.836+0800][4559.898s] GC(18)   Other: 0.2ms
[2020-04-17T16:31:48.836+0800][4559.898s] GC(18) Eden regions: 99->0(99)
[2020-04-17T16:31:48.836+0800][4559.898s] GC(18) Survivor regions: 29->29(32)
[2020-04-17T16:31:48.836+0800][4559.898s] GC(18) Old regions: 288->288
[2020-04-17T16:31:48.836+0800][4559.898s] GC(18) Archive regions: 2->2
[2020-04-17T16:31:48.836+0800][4559.898s] GC(18) Humongous regions: 4->4
[2020-04-17T16:31:48.836+0800][4559.898s] GC(18) Metaspace: 41488K(42704K)->41488K(42704K) NonClass: 36535K(37376K)->36535K(37376K) Class: 4952K(5328K)->4952K(5328K)
[2020-04-17T16:31:48.836+0800][4559.898s] GC(18) Pause Young (Normal) (G1 Evacuation Pause) 419M->320M(512M) 37.634ms
[2020-04-17T16:31:48.836+0800][4559.898s] GC(18) User=0.12s Sys=0.00s Real=0.04s
[2020-04-17T16:31:49.014+0800][4560.075s] GC(19) Pause Young (Normal) (G1 Evacuation Pause)
[2020-04-17T16:31:49.014+0800][4560.076s] GC(19) Using 4 workers of 4 for evacuation
[2020-04-17T16:31:49.051+0800][4560.113s] GC(19)   Pre Evacuate Collection Set: 0.1ms
[2020-04-17T16:31:49.051+0800][4560.113s] GC(19)   Merge Heap Roots: 0.1ms
[2020-04-17T16:31:49.051+0800][4560.113s] GC(19)   Evacuate Collection Set: 35.6ms
[2020-04-17T16:31:49.051+0800][4560.113s] GC(19)   Post Evacuate Collection Set: 1.2ms
[2020-04-17T16:31:49.051+0800][4560.113s] GC(19)   Other: 0.2ms
[2020-04-17T16:31:49.051+0800][4560.113s] GC(19) Eden regions: 99->0(99)
[2020-04-17T16:31:49.051+0800][4560.113s] GC(19) Survivor regions: 29->29(32)
[2020-04-17T16:31:49.051+0800][4560.113s] GC(19) Old regions: 288->288
[2020-04-17T16:31:49.051+0800][4560.113s] GC(19) Archive regions: 2->2
[2020-04-17T16:31:49.051+0800][4560.113s] GC(19) Humongous regions: 4->4
[2020-04-17T16:31:49.051+0800][4560.113s] GC(19) Metaspace: 41488K(42704K)->41488K(42704K) NonClass: 36535K(37376K)->36535K(37376K) Class: 4952K(5328K)->4952K(5328K)
[2020-04-17T16:31:49.051+0800][4560.113s] GC(19) Pause Young (Normal) (G1 Evacuation Pause) 419M->320M(512M) 37.406ms
[2020-04-17T16:31:49.051+0800][4560.113s] GC(19) User=0.12s Sys=0.00s Real=0.04s
[2020-04-17T16:31:49.122+0800][4560.184s] GC(20) Pause Young (Normal) (G1 Evacuation Pause)
[2020-04-17T16:31:49.122+0800][4560.184s] GC(20) Using 4 workers of 4 for evacuation
[2020-04-17T16:31:49.170+0800][4560.232s] GC(20)   Pre Evacuate Collection Set: 0.1ms
[2020-04-17T16:31:49.170+0800][4560.232s] GC(20)   Merge Heap Roots: 0.1ms
[2020-04-17T16:31:49.170+0800][4560.232s] GC(20)   Evacuate Collection Set: 47.4ms
[2020-04-17T16:31:49.170+0800][4560.232s] GC(20)   Post Evacuate Collection Set: 0.5ms
[2020-04-17T16:31:49.170+0800][4560.232s] GC(20)   Other: 0.1ms
[2020-04-17T16:31:49.170+0800][4560.232s] GC(20) Eden regions: 99->0(112)
[2020-04-17T16:31:49.170+0800][4560.232s] GC(20) Survivor regions: 29->16(32)
[2020-04-17T16:31:49.170+0800][4560.232s] GC(20) Old regions: 288->300
[2020-04-17T16:31:49.170+0800][4560.232s] GC(20) Archive regions: 2->2
[2020-04-17T16:31:49.170+0800][4560.232s] GC(20) Humongous regions: 4->4
[2020-04-17T16:31:49.170+0800][4560.232s] GC(20) Metaspace: 41488K(42704K)->41488K(42704K) NonClass: 36535K(37376K)->36535K(37376K) Class: 4952K(5328K)->4952K(5328K)
[2020-04-17T16:31:49.170+0800][4560.232s] GC(20) Pause Young (Normal) (G1 Evacuation Pause) 419M->320M(512M) 48.327ms
[2020-04-17T16:31:49.170+0800][4560.232s] GC(20) User=0.12s Sys=0.01s Real=0.05s
[2020-04-17T16:31:49.215+0800][4560.276s] GC(15) Concurrent Mark From Roots 890.896ms
[2020-04-17T16:31:49.215+0800][4560.276s] GC(15) Concurrent Preclean
[2020-04-17T16:31:49.215+0800][4560.277s] GC(15) Concurrent Preclean 0.297ms
[2020-04-17T16:31:49.215+0800][4560.277s] GC(15) Concurrent Mark (4559.385s, 4560.277s) 891.300ms
[2020-04-17T16:31:49.215+0800][4560.277s] GC(15) Pause Remark
[2020-04-17T16:31:49.256+0800][4560.318s] GC(15) Pause Remark 372M->372M(512M) 40.713ms
[2020-04-17T16:31:49.256+0800][4560.318s] GC(15) User=0.03s Sys=0.08s Real=0.04s
[2020-04-17T16:31:49.256+0800][4560.318s] GC(15) Concurrent Rebuild Remembered Sets
[2020-04-17T16:31:49.312+0800][4560.374s] GC(21) Pause Young (Normal) (G1 Evacuation Pause)
[2020-04-17T16:31:49.312+0800][4560.374s] GC(21) Using 4 workers of 4 for evacuation
[2020-04-17T16:31:49.343+0800][4560.405s] GC(21)   Pre Evacuate Collection Set: 0.1ms
[2020-04-17T16:31:49.343+0800][4560.405s] GC(21)   Merge Heap Roots: 0.1ms
[2020-04-17T16:31:49.343+0800][4560.405s] GC(21)   Evacuate Collection Set: 29.7ms
[2020-04-17T16:31:49.343+0800][4560.405s] GC(21)   Post Evacuate Collection Set: 0.9ms
[2020-04-17T16:31:49.343+0800][4560.405s] GC(21)   Other: 0.2ms
[2020-04-17T16:31:49.343+0800][4560.405s] GC(21) Eden regions: 112->0(126)
[2020-04-17T16:31:49.343+0800][4560.405s] GC(21) Survivor regions: 16->2(32)
[2020-04-17T16:31:49.343+0800][4560.405s] GC(21) Old regions: 300->315
[2020-04-17T16:31:49.343+0800][4560.405s] GC(21) Archive regions: 2->2
[2020-04-17T16:31:49.343+0800][4560.405s] GC(21) Humongous regions: 4->4
[2020-04-17T16:31:49.343+0800][4560.405s] GC(21) Metaspace: 41386K(42704K)->41386K(42704K) NonClass: 36458K(37376K)->36458K(37376K) Class: 4927K(5328K)->4927K(5328K)
[2020-04-17T16:31:49.343+0800][4560.405s] GC(21) Pause Young (Normal) (G1 Evacuation Pause) 432M->321M(512M) 31.084ms
[2020-04-17T16:31:49.343+0800][4560.405s] GC(21) User=0.07s Sys=0.01s Real=0.03s
[2020-04-17T16:31:49.442+0800][4560.504s] GC(22) Pause Young (Normal) (G1 Evacuation Pause)
[2020-04-17T16:31:49.442+0800][4560.504s] GC(22) Using 4 workers of 4 for evacuation
[2020-04-17T16:31:49.445+0800][4560.507s] GC(22)   Pre Evacuate Collection Set: 0.1ms
[2020-04-17T16:31:49.445+0800][4560.507s] GC(22)   Merge Heap Roots: 0.0ms
[2020-04-17T16:31:49.445+0800][4560.507s] GC(22)   Evacuate Collection Set: 1.9ms
[2020-04-17T16:31:49.445+0800][4560.507s] GC(22)   Post Evacuate Collection Set: 0.3ms
[2020-04-17T16:31:49.445+0800][4560.507s] GC(22)   Other: 0.2ms
[2020-04-17T16:31:49.445+0800][4560.507s] GC(22) Eden regions: 126->0(128)
[2020-04-17T16:31:49.445+0800][4560.507s] GC(22) Survivor regions: 2->0(32)
[2020-04-17T16:31:49.445+0800][4560.507s] GC(22) Old regions: 315->317
[2020-04-17T16:31:49.445+0800][4560.507s] GC(22) Archive regions: 2->2
[2020-04-17T16:31:49.445+0800][4560.507s] GC(22) Humongous regions: 4->4
[2020-04-17T16:31:49.445+0800][4560.507s] GC(22) Metaspace: 41386K(42704K)->41386K(42704K) NonClass: 36458K(37376K)->36458K(37376K) Class: 4927K(5328K)->4927K(5328K)
[2020-04-17T16:31:49.445+0800][4560.507s] GC(22) Pause Young (Normal) (G1 Evacuation Pause) 447M->321M(512M) 2.715ms
[2020-04-17T16:31:49.445+0800][4560.507s] GC(22) User=0.01s Sys=0.00s Real=0.00s
[2020-04-17T16:31:49.534+0800][4560.596s] GC(23) Pause Young (Normal) (G1 Evacuation Pause)
[2020-04-17T16:31:49.534+0800][4560.596s] GC(23) Using 4 workers of 4 for evacuation
[2020-04-17T16:31:49.536+0800][4560.598s] GC(23)   Pre Evacuate Collection Set: 0.1ms
[2020-04-17T16:31:49.536+0800][4560.598s] GC(23)   Merge Heap Roots: 0.1ms
[2020-04-17T16:31:49.537+0800][4560.598s] GC(23)   Evacuate Collection Set: 1.2ms
[2020-04-17T16:31:49.537+0800][4560.598s] GC(23)   Post Evacuate Collection Set: 0.6ms
[2020-04-17T16:31:49.537+0800][4560.598s] GC(23)   Other: 0.2ms
[2020-04-17T16:31:49.537+0800][4560.598s] GC(23) Eden regions: 128->0(128)
[2020-04-17T16:31:49.537+0800][4560.598s] GC(23) Survivor regions: 0->0(32)
[2020-04-17T16:31:49.537+0800][4560.598s] GC(23) Old regions: 317->317
[2020-04-17T16:31:49.537+0800][4560.598s] GC(23) Archive regions: 2->2
[2020-04-17T16:31:49.537+0800][4560.598s] GC(23) Humongous regions: 4->4
[2020-04-17T16:31:49.537+0800][4560.598s] GC(23) Metaspace: 41386K(42704K)->41386K(42704K) NonClass: 36458K(37376K)->36458K(37376K) Class: 4927K(5328K)->4927K(5328K)
[2020-04-17T16:31:49.537+0800][4560.598s] GC(23) Pause Young (Normal) (G1 Evacuation Pause) 449M->321M(512M) 2.218ms
[2020-04-17T16:31:49.537+0800][4560.599s] GC(23) User=0.00s Sys=0.00s Real=0.00s
[2020-04-17T16:31:49.565+0800][4560.627s] GC(15) Concurrent Rebuild Remembered Sets 308.447ms
[2020-04-17T16:31:49.565+0800][4560.627s] GC(15) Pause Cleanup
[2020-04-17T16:31:49.565+0800][4560.627s] GC(15) Pause Cleanup 383M->383M(512M) 0.342ms
[2020-04-17T16:31:49.565+0800][4560.627s] GC(15) User=0.00s Sys=0.00s Real=0.00s
[2020-04-17T16:31:49.566+0800][4560.627s] GC(15) Concurrent Cleanup for Next Mark
[2020-04-17T16:31:49.572+0800][4560.634s] GC(15) Concurrent Cleanup for Next Mark 6.261ms
[2020-04-17T16:31:49.572+0800][4560.634s] GC(15) Concurrent Cycle 1261.723ms
[2020-04-17T16:31:49.586+0800][4560.648s] GC(24) Pause Young (Normal) (G1 Evacuation Pause)
[2020-04-17T16:31:49.586+0800][4560.648s] GC(24) Using 4 workers of 4 for evacuation
[2020-04-17T16:31:49.587+0800][4560.649s] GC(24)   Pre Evacuate Collection Set: 0.1ms
[2020-04-17T16:31:49.587+0800][4560.649s] GC(24)   Merge Heap Roots: 0.1ms
[2020-04-17T16:31:49.587+0800][4560.649s] GC(24)   Evacuate Collection Set: 1.1ms
[2020-04-17T16:31:49.587+0800][4560.649s] GC(24)   Post Evacuate Collection Set: 0.3ms
[2020-04-17T16:31:49.587+0800][4560.649s] GC(24)   Other: 0.1ms
[2020-04-17T16:31:49.587+0800][4560.649s] GC(24) Eden regions: 128->0(128)
[2020-04-17T16:31:49.587+0800][4560.649s] GC(24) Survivor regions: 0->0(32)
[2020-04-17T16:31:49.587+0800][4560.649s] GC(24) Old regions: 317->317
[2020-04-17T16:31:49.587+0800][4560.649s] GC(24) Archive regions: 2->2
[2020-04-17T16:31:49.587+0800][4560.649s] GC(24) Humongous regions: 4->4
[2020-04-17T16:31:49.587+0800][4560.649s] GC(24) Metaspace: 41386K(42704K)->41386K(42704K) NonClass: 36458K(37376K)->36458K(37376K) Class: 4927K(5328K)->4927K(5328K)
[2020-04-17T16:31:49.588+0800][4560.649s] GC(24) Pause Young (Normal) (G1 Evacuation Pause) 449M->321M(512M) 1.779ms
[2020-04-17T16:31:49.588+0800][4560.649s] GC(24) User=0.00s Sys=0.00s Real=0.00s
[2020-04-17T16:31:49.625+0800][4560.687s] GC(25) Pause Young (Concurrent Start) (G1 Evacuation Pause)
[2020-04-17T16:31:49.625+0800][4560.687s] GC(25) Using 4 workers of 4 for evacuation
[2020-04-17T16:31:49.627+0800][4560.688s] GC(25)   Pre Evacuate Collection Set: 0.2ms
[2020-04-17T16:31:49.627+0800][4560.688s] GC(25)   Merge Heap Roots: 0.1ms
[2020-04-17T16:31:49.627+0800][4560.688s] GC(25)   Evacuate Collection Set: 0.8ms
[2020-04-17T16:31:49.627+0800][4560.688s] GC(25)   Post Evacuate Collection Set: 0.4ms
[2020-04-17T16:31:49.627+0800][4560.688s] GC(25)   Other: 0.2ms
[2020-04-17T16:31:49.627+0800][4560.688s] GC(25) Eden regions: 128->0(128)
[2020-04-17T16:31:49.627+0800][4560.688s] GC(25) Survivor regions: 0->0(32)
[2020-04-17T16:31:49.627+0800][4560.688s] GC(25) Old regions: 317->317
[2020-04-17T16:31:49.627+0800][4560.689s] GC(25) Archive regions: 2->2
[2020-04-17T16:31:49.627+0800][4560.689s] GC(25) Humongous regions: 4->4
[2020-04-17T16:31:49.627+0800][4560.689s] GC(25) Metaspace: 41386K(42704K)->41386K(42704K) NonClass: 36458K(37376K)->36458K(37376K) Class: 4927K(5328K)->4927K(5328K)
[2020-04-17T16:31:49.627+0800][4560.689s] GC(25) Pause Young (Concurrent Start) (G1 Evacuation Pause) 449M->321M(512M) 1.837ms
[2020-04-17T16:31:49.627+0800][4560.689s] GC(25) User=0.00s Sys=0.00s Real=0.00s
[2020-04-17T16:31:49.627+0800][4560.689s] GC(26) Concurrent Cycle
[2020-04-17T16:31:49.627+0800][4560.689s] GC(26) Concurrent Clear Claimed Marks
[2020-04-17T16:31:49.627+0800][4560.689s] GC(26) Concurrent Clear Claimed Marks 0.066ms
[2020-04-17T16:31:49.627+0800][4560.689s] GC(26) Concurrent Scan Root Regions
[2020-04-17T16:31:49.627+0800][4560.689s] GC(26) Concurrent Scan Root Regions 0.012ms
[2020-04-17T16:31:49.627+0800][4560.689s] GC(26) Concurrent Mark (4560.689s)
[2020-04-17T16:31:49.627+0800][4560.689s] GC(26) Concurrent Mark From Roots
[2020-04-17T16:31:49.627+0800][4560.689s] GC(26) Using 4 workers of 4 for marking
[2020-04-17T16:31:49.836+0800][4560.898s] GC(27) Pause Young (Normal) (G1 Evacuation Pause)
[2020-04-17T16:31:49.836+0800][4560.898s] GC(27) Using 4 workers of 4 for evacuation
[2020-04-17T16:31:49.838+0800][4560.900s] GC(27)   Pre Evacuate Collection Set: 0.1ms
[2020-04-17T16:31:49.838+0800][4560.900s] GC(27)   Merge Heap Roots: 0.1ms
[2020-04-17T16:31:49.838+0800][4560.900s] GC(27)   Evacuate Collection Set: 0.9ms
[2020-04-17T16:31:49.838+0800][4560.900s] GC(27)   Post Evacuate Collection Set: 0.5ms
[2020-04-17T16:31:49.838+0800][4560.900s] GC(27)   Other: 0.2ms
[2020-04-17T16:31:49.838+0800][4560.900s] GC(27) Eden regions: 128->0(128)
[2020-04-17T16:31:49.838+0800][4560.900s] GC(27) Survivor regions: 0->0(32)
[2020-04-17T16:31:49.838+0800][4560.900s] GC(27) Old regions: 317->317
[2020-04-17T16:31:49.838+0800][4560.900s] GC(27) Archive regions: 2->2
[2020-04-17T16:31:49.838+0800][4560.900s] GC(27) Humongous regions: 4->4
[2020-04-17T16:31:49.838+0800][4560.900s] GC(27) Metaspace: 41386K(42704K)->41386K(42704K) NonClass: 36458K(37376K)->36458K(37376K) Class: 4927K(5328K)->4927K(5328K)
[2020-04-17T16:31:49.838+0800][4560.900s] GC(27) Pause Young (Normal) (G1 Evacuation Pause) 449M->321M(512M) 1.854ms
[2020-04-17T16:31:49.838+0800][4560.900s] GC(27) User=0.00s Sys=0.00s Real=0.00s
[2020-04-17T16:31:49.916+0800][4560.978s] GC(28) Pause Young (Normal) (G1 Evacuation Pause)
[2020-04-17T16:31:49.916+0800][4560.978s] GC(28) Using 4 workers of 4 for evacuation
[2020-04-17T16:31:49.916+0800][4560.978s] GC(28)   Pre Evacuate Collection Set: 0.0ms
[2020-04-17T16:31:49.916+0800][4560.978s] GC(28)   Merge Heap Roots: 0.0ms
[2020-04-17T16:31:49.916+0800][4560.978s] GC(28)   Evacuate Collection Set: 0.1ms
[2020-04-17T16:31:49.916+0800][4560.978s] GC(28)   Post Evacuate Collection Set: 0.3ms
[2020-04-17T16:31:49.916+0800][4560.978s] GC(28)   Other: 0.1ms
[2020-04-17T16:31:49.916+0800][4560.978s] GC(28) Eden regions: 128->0(128)
[2020-04-17T16:31:49.916+0800][4560.978s] GC(28) Survivor regions: 0->0(32)
[2020-04-17T16:31:49.916+0800][4560.978s] GC(28) Old regions: 317->317
[2020-04-17T16:31:49.916+0800][4560.978s] GC(28) Archive regions: 2->2
[2020-04-17T16:31:49.916+0800][4560.978s] GC(28) Humongous regions: 4->4
[2020-04-17T16:31:49.916+0800][4560.978s] GC(28) Metaspace: 41386K(42704K)->41386K(42704K) NonClass: 36458K(37376K)->36458K(37376K) Class: 4927K(5328K)->4927K(5328K)
[2020-04-17T16:31:49.916+0800][4560.978s] GC(28) Pause Young (Normal) (G1 Evacuation Pause) 449M->321M(512M) 0.718ms
[2020-04-17T16:31:49.917+0800][4560.978s] GC(28) User=0.00s Sys=0.00s Real=0.00s
[2020-04-17T16:31:50.052+0800][4561.114s] GC(29) Pause Young (Normal) (G1 Evacuation Pause)
[2020-04-17T16:31:50.052+0800][4561.114s] GC(29) Using 4 workers of 4 for evacuation
[2020-04-17T16:31:50.052+0800][4561.114s] GC(29)   Pre Evacuate Collection Set: 0.0ms
[2020-04-17T16:31:50.052+0800][4561.114s] GC(29)   Merge Heap Roots: 0.0ms
[2020-04-17T16:31:50.052+0800][4561.114s] GC(29)   Evacuate Collection Set: 0.2ms
[2020-04-17T16:31:50.052+0800][4561.114s] GC(29)   Post Evacuate Collection Set: 0.3ms
[2020-04-17T16:31:50.052+0800][4561.114s] GC(29)   Other: 0.1ms
[2020-04-17T16:31:50.052+0800][4561.114s] GC(29) Eden regions: 128->0(128)
[2020-04-17T16:31:50.052+0800][4561.114s] GC(29) Survivor regions: 0->0(32)
[2020-04-17T16:31:50.052+0800][4561.114s] GC(29) Old regions: 317->317
[2020-04-17T16:31:50.052+0800][4561.114s] GC(29) Archive regions: 2->2
[2020-04-17T16:31:50.052+0800][4561.114s] GC(29) Humongous regions: 4->4
[2020-04-17T16:31:50.052+0800][4561.114s] GC(29) Metaspace: 41386K(42704K)->41386K(42704K) NonClass: 36458K(37376K)->36458K(37376K) Class: 4927K(5328K)->4927K(5328K)
[2020-04-17T16:31:50.052+0800][4561.114s] GC(29) Pause Young (Normal) (G1 Evacuation Pause) 449M->321M(512M) 0.839ms
[2020-04-17T16:31:50.053+0800][4561.114s] GC(29) User=0.00s Sys=0.00s Real=0.00s
[2020-04-17T16:31:50.099+0800][4561.161s] GC(26) Concurrent Mark From Roots 472.153ms
[2020-04-17T16:31:50.099+0800][4561.161s] GC(26) Concurrent Preclean
[2020-04-17T16:31:50.099+0800][4561.161s] GC(26) Concurrent Preclean 0.141ms
[2020-04-17T16:31:50.099+0800][4561.161s] GC(26) Concurrent Mark (4560.689s, 4561.161s) 472.375ms
[2020-04-17T16:31:50.099+0800][4561.161s] GC(26) Pause Remark
[2020-04-17T16:31:50.104+0800][4561.166s] GC(26) Pause Remark 355M->355M(512M) 4.237ms
[2020-04-17T16:31:50.104+0800][4561.166s] GC(26) User=0.01s Sys=0.00s Real=0.01s
[2020-04-17T16:31:50.104+0800][4561.166s] GC(26) Concurrent Rebuild Remembered Sets
[2020-04-17T16:31:50.168+0800][4561.230s] GC(30) Pause Young (Normal) (G1 Evacuation Pause)
[2020-04-17T16:31:50.168+0800][4561.230s] GC(30) Using 4 workers of 4 for evacuation
[2020-04-17T16:31:50.169+0800][4561.231s] GC(30)   Pre Evacuate Collection Set: 0.1ms
[2020-04-17T16:31:50.169+0800][4561.231s] GC(30)   Merge Heap Roots: 0.0ms
[2020-04-17T16:31:50.169+0800][4561.231s] GC(30)   Evacuate Collection Set: 0.3ms
[2020-04-17T16:31:50.169+0800][4561.231s] GC(30)   Post Evacuate Collection Set: 0.4ms
[2020-04-17T16:31:50.169+0800][4561.231s] GC(30)   Other: 0.1ms
[2020-04-17T16:31:50.169+0800][4561.231s] GC(30) Eden regions: 128->0(128)
[2020-04-17T16:31:50.169+0800][4561.231s] GC(30) Survivor regions: 0->0(32)
[2020-04-17T16:31:50.169+0800][4561.231s] GC(30) Old regions: 317->317
[2020-04-17T16:31:50.169+0800][4561.231s] GC(30) Archive regions: 2->2
[2020-04-17T16:31:50.169+0800][4561.231s] GC(30) Humongous regions: 4->4
[2020-04-17T16:31:50.169+0800][4561.231s] GC(30) Metaspace: 41386K(42704K)->41386K(42704K) NonClass: 36458K(37376K)->36458K(37376K) Class: 4927K(5328K)->4927K(5328K)
[2020-04-17T16:31:50.169+0800][4561.231s] GC(30) Pause Young (Normal) (G1 Evacuation Pause) 449M->321M(512M) 1.108ms
[2020-04-17T16:31:50.169+0800][4561.231s] GC(30) User=0.00s Sys=0.00s Real=0.00s
[2020-04-17T16:31:50.262+0800][4561.324s] GC(31) Pause Young (Normal) (G1 Evacuation Pause)
[2020-04-17T16:31:50.262+0800][4561.324s] GC(31) Using 4 workers of 4 for evacuation
[2020-04-17T16:31:50.263+0800][4561.325s] GC(31)   Pre Evacuate Collection Set: 0.0ms
[2020-04-17T16:31:50.263+0800][4561.325s] GC(31)   Merge Heap Roots: 0.0ms
[2020-04-17T16:31:50.263+0800][4561.325s] GC(31)   Evacuate Collection Set: 0.1ms
[2020-04-17T16:31:50.263+0800][4561.325s] GC(31)   Post Evacuate Collection Set: 0.3ms
[2020-04-17T16:31:50.263+0800][4561.325s] GC(31)   Other: 0.1ms
[2020-04-17T16:31:50.263+0800][4561.325s] GC(31) Eden regions: 128->0(128)
[2020-04-17T16:31:50.263+0800][4561.325s] GC(31) Survivor regions: 0->0(32)
[2020-04-17T16:31:50.263+0800][4561.325s] GC(31) Old regions: 317->317
[2020-04-17T16:31:50.263+0800][4561.325s] GC(31) Archive regions: 2->2
[2020-04-17T16:31:50.263+0800][4561.325s] GC(31) Humongous regions: 4->4
[2020-04-17T16:31:50.263+0800][4561.325s] GC(31) Metaspace: 41386K(42704K)->41386K(42704K) NonClass: 36458K(37376K)->36458K(37376K) Class: 4927K(5328K)->4927K(5328K)
[2020-04-17T16:31:50.263+0800][4561.325s] GC(31) Pause Young (Normal) (G1 Evacuation Pause) 449M->321M(512M) 0.746ms
[2020-04-17T16:31:50.263+0800][4561.325s] GC(31) User=0.00s Sys=0.00s Real=0.00s
[2020-04-17T16:31:50.347+0800][4561.409s] GC(32) Pause Young (Normal) (G1 Evacuation Pause)
[2020-04-17T16:31:50.347+0800][4561.409s] GC(32) Using 4 workers of 4 for evacuation
[2020-04-17T16:31:50.347+0800][4561.409s] GC(32)   Pre Evacuate Collection Set: 0.1ms
[2020-04-17T16:31:50.347+0800][4561.409s] GC(32)   Merge Heap Roots: 0.1ms
[2020-04-17T16:31:50.347+0800][4561.409s] GC(32)   Evacuate Collection Set: 0.2ms
[2020-04-17T16:31:50.347+0800][4561.409s] GC(32)   Post Evacuate Collection Set: 0.3ms
[2020-04-17T16:31:50.348+0800][4561.409s] GC(32)   Other: 0.2ms
[2020-04-17T16:31:50.348+0800][4561.409s] GC(32) Eden regions: 128->0(128)
[2020-04-17T16:31:50.348+0800][4561.409s] GC(32) Survivor regions: 0->0(32)
[2020-04-17T16:31:50.348+0800][4561.409s] GC(32) Old regions: 317->317
[2020-04-17T16:31:50.348+0800][4561.409s] GC(32) Archive regions: 2->2
[2020-04-17T16:31:50.348+0800][4561.409s] GC(32) Humongous regions: 4->4
[2020-04-17T16:31:50.348+0800][4561.409s] GC(32) Metaspace: 41386K(42704K)->41386K(42704K) NonClass: 36458K(37376K)->36458K(37376K) Class: 4927K(5328K)->4927K(5328K)
[2020-04-17T16:31:50.348+0800][4561.409s] GC(32) Pause Young (Normal) (G1 Evacuation Pause) 449M->321M(512M) 0.914ms
[2020-04-17T16:31:50.348+0800][4561.409s] GC(32) User=0.00s Sys=0.00s Real=0.00s
[2020-04-17T16:31:50.387+0800][4561.449s] GC(26) Concurrent Rebuild Remembered Sets 282.947ms
[2020-04-17T16:31:50.387+0800][4561.449s] GC(26) Pause Cleanup
[2020-04-17T16:31:50.388+0800][4561.449s] GC(26) Pause Cleanup 385M->385M(512M) 0.394ms
[2020-04-17T16:31:50.388+0800][4561.449s] GC(26) User=0.00s Sys=0.00s Real=0.00s
[2020-04-17T16:31:50.388+0800][4561.449s] GC(26) Concurrent Cleanup for Next Mark
[2020-04-17T16:31:50.390+0800][4561.452s] GC(26) Concurrent Cleanup for Next Mark 2.249ms
[2020-04-17T16:31:50.390+0800][4561.452s] GC(26) Concurrent Cycle 763.188ms
[2020-04-17T16:31:50.407+0800][4561.469s] GC(33) Pause Young (Normal) (G1 Evacuation Pause)
[2020-04-17T16:31:50.407+0800][4561.469s] GC(33) Using 4 workers of 4 for evacuation
[2020-04-17T16:31:50.408+0800][4561.469s] GC(33)   Pre Evacuate Collection Set: 0.0ms
[2020-04-17T16:31:50.408+0800][4561.469s] GC(33)   Merge Heap Roots: 0.0ms
[2020-04-17T16:31:50.408+0800][4561.469s] GC(33)   Evacuate Collection Set: 0.2ms
[2020-04-17T16:31:50.408+0800][4561.470s] GC(33)   Post Evacuate Collection Set: 0.3ms
[2020-04-17T16:31:50.408+0800][4561.470s] GC(33)   Other: 0.1ms
[2020-04-17T16:31:50.408+0800][4561.470s] GC(33) Eden regions: 128->0(128)
[2020-04-17T16:31:50.408+0800][4561.470s] GC(33) Survivor regions: 0->0(32)
[2020-04-17T16:31:50.408+0800][4561.470s] GC(33) Old regions: 317->317
[2020-04-17T16:31:50.408+0800][4561.470s] GC(33) Archive regions: 2->2
[2020-04-17T16:31:50.408+0800][4561.470s] GC(33) Humongous regions: 4->4
[2020-04-17T16:31:50.408+0800][4561.470s] GC(33) Metaspace: 41386K(42704K)->41386K(42704K) NonClass: 36458K(37376K)->36458K(37376K) Class: 4927K(5328K)->4927K(5328K)
[2020-04-17T16:31:50.408+0800][4561.470s] GC(33) Pause Young (Normal) (G1 Evacuation Pause) 449M->321M(512M) 0.814ms
[2020-04-17T16:31:50.408+0800][4561.470s] GC(33) User=0.00s Sys=0.00s Real=0.00s
[2020-04-17T16:31:50.445+0800][4561.507s] GC(34) Pause Young (Concurrent Start) (G1 Evacuation Pause)
[2020-04-17T16:31:50.445+0800][4561.507s] GC(34) Using 4 workers of 4 for evacuation
[2020-04-17T16:31:50.447+0800][4561.508s] GC(34)   Pre Evacuate Collection Set: 0.1ms
[2020-04-17T16:31:50.447+0800][4561.508s] GC(34)   Merge Heap Roots: 0.0ms
[2020-04-17T16:31:50.447+0800][4561.508s] GC(34)   Evacuate Collection Set: 0.5ms
[2020-04-17T16:31:50.447+0800][4561.508s] GC(34)   Post Evacuate Collection Set: 0.3ms
[2020-04-17T16:31:50.447+0800][4561.508s] GC(34)   Other: 0.2ms
[2020-04-17T16:31:50.447+0800][4561.508s] GC(34) Eden regions: 128->0(128)
[2020-04-17T16:31:50.447+0800][4561.508s] GC(34) Survivor regions: 0->0(32)
[2020-04-17T16:31:50.447+0800][4561.508s] GC(34) Old regions: 317->317
[2020-04-17T16:31:50.447+0800][4561.508s] GC(34) Archive regions: 2->2
[2020-04-17T16:31:50.447+0800][4561.508s] GC(34) Humongous regions: 4->4
[2020-04-17T16:31:50.447+0800][4561.508s] GC(34) Metaspace: 41386K(42704K)->41386K(42704K) NonClass: 36458K(37376K)->36458K(37376K) Class: 4927K(5328K)->4927K(5328K)
[2020-04-17T16:31:50.447+0800][4561.509s] GC(34) Pause Young (Concurrent Start) (G1 Evacuation Pause) 449M->321M(512M) 1.212ms
[2020-04-17T16:31:50.447+0800][4561.509s] GC(34) User=0.00s Sys=0.00s Real=0.00s
[2020-04-17T16:31:50.447+0800][4561.509s] GC(35) Concurrent Cycle
[2020-04-17T16:31:50.447+0800][4561.509s] GC(35) Concurrent Clear Claimed Marks
[2020-04-17T16:31:50.447+0800][4561.509s] GC(35) Concurrent Clear Claimed Marks 0.049ms
[2020-04-17T16:31:50.447+0800][4561.509s] GC(35) Concurrent Scan Root Regions
[2020-04-17T16:31:50.447+0800][4561.509s] GC(35) Concurrent Scan Root Regions 0.012ms
[2020-04-17T16:31:50.447+0800][4561.509s] GC(35) Concurrent Mark (4561.509s)
[2020-04-17T16:31:50.447+0800][4561.509s] GC(35) Concurrent Mark From Roots
[2020-04-17T16:31:50.447+0800][4561.509s] GC(35) Using 4 workers of 4 for marking
[2020-04-17T16:31:50.581+0800][4561.643s] GC(36) Pause Young (Normal) (G1 Evacuation Pause)
[2020-04-17T16:31:50.581+0800][4561.643s] GC(36) Using 4 workers of 4 for evacuation
[2020-04-17T16:31:50.582+0800][4561.644s] GC(36)   Pre Evacuate Collection Set: 0.1ms
[2020-04-17T16:31:50.582+0800][4561.644s] GC(36)   Merge Heap Roots: 0.1ms
[2020-04-17T16:31:50.582+0800][4561.644s] GC(36)   Evacuate Collection Set: 0.6ms
[2020-04-17T16:31:50.582+0800][4561.644s] GC(36)   Post Evacuate Collection Set: 0.4ms
[2020-04-17T16:31:50.582+0800][4561.644s] GC(36)   Other: 0.1ms
[2020-04-17T16:31:50.582+0800][4561.644s] GC(36) Eden regions: 128->0(128)
[2020-04-17T16:31:50.582+0800][4561.644s] GC(36) Survivor regions: 0->0(32)
[2020-04-17T16:31:50.582+0800][4561.644s] GC(36) Old regions: 317->317
[2020-04-17T16:31:50.582+0800][4561.644s] GC(36) Archive regions: 2->2
[2020-04-17T16:31:50.582+0800][4561.644s] GC(36) Humongous regions: 4->4
[2020-04-17T16:31:50.582+0800][4561.644s] GC(36) Metaspace: 41386K(42704K)->41386K(42704K) NonClass: 36458K(37376K)->36458K(37376K) Class: 4927K(5328K)->4927K(5328K)
[2020-04-17T16:31:50.582+0800][4561.644s] GC(36) Pause Young (Normal) (G1 Evacuation Pause) 449M->321M(512M) 1.455ms
[2020-04-17T16:31:50.582+0800][4561.644s] GC(36) User=0.00s Sys=0.00s Real=0.00s
[2020-04-17T16:31:50.699+0800][4561.761s] GC(37) Pause Young (Normal) (G1 Evacuation Pause)
[2020-04-17T16:31:50.699+0800][4561.761s] GC(37) Using 4 workers of 4 for evacuation
[2020-04-17T16:31:50.699+0800][4561.761s] GC(37)   Pre Evacuate Collection Set: 0.1ms
[2020-04-17T16:31:50.700+0800][4561.761s] GC(37)   Merge Heap Roots: 0.0ms
[2020-04-17T16:31:50.700+0800][4561.761s] GC(37)   Evacuate Collection Set: 0.2ms
[2020-04-17T16:31:50.700+0800][4561.761s] GC(37)   Post Evacuate Collection Set: 0.3ms
[2020-04-17T16:31:50.700+0800][4561.761s] GC(37)   Other: 0.1ms
[2020-04-17T16:31:50.700+0800][4561.761s] GC(37) Eden regions: 128->0(128)
[2020-04-17T16:31:50.700+0800][4561.761s] GC(37) Survivor regions: 0->0(32)
[2020-04-17T16:31:50.700+0800][4561.761s] GC(37) Old regions: 317->317
[2020-04-17T16:31:50.700+0800][4561.761s] GC(37) Archive regions: 2->2
[2020-04-17T16:31:50.700+0800][4561.762s] GC(37) Humongous regions: 4->4
[2020-04-17T16:31:50.700+0800][4561.762s] GC(37) Metaspace: 41386K(42704K)->41386K(42704K) NonClass: 36458K(37376K)->36458K(37376K) Class: 4927K(5328K)->4927K(5328K)
[2020-04-17T16:31:50.700+0800][4561.762s] GC(37) Pause Young (Normal) (G1 Evacuation Pause) 449M->321M(512M) 0.881ms
[2020-04-17T16:31:50.700+0800][4561.762s] GC(37) User=0.00s Sys=0.00s Real=0.01s
[2020-04-17T16:31:50.780+0800][4561.841s] GC(38) Pause Young (Normal) (G1 Evacuation Pause)
[2020-04-17T16:31:50.780+0800][4561.841s] GC(38) Using 4 workers of 4 for evacuation
[2020-04-17T16:31:50.780+0800][4561.842s] GC(38)   Pre Evacuate Collection Set: 0.0ms
[2020-04-17T16:31:50.780+0800][4561.842s] GC(38)   Merge Heap Roots: 0.0ms
[2020-04-17T16:31:50.780+0800][4561.842s] GC(38)   Evacuate Collection Set: 0.2ms
[2020-04-17T16:31:50.780+0800][4561.842s] GC(38)   Post Evacuate Collection Set: 0.3ms
[2020-04-17T16:31:50.780+0800][4561.842s] GC(38)   Other: 0.1ms
[2020-04-17T16:31:50.780+0800][4561.842s] GC(38) Eden regions: 128->0(128)
[2020-04-17T16:31:50.780+0800][4561.842s] GC(38) Survivor regions: 0->0(32)
[2020-04-17T16:31:50.780+0800][4561.842s] GC(38) Old regions: 317->317
[2020-04-17T16:31:50.780+0800][4561.842s] GC(38) Archive regions: 2->2
[2020-04-17T16:31:50.780+0800][4561.842s] GC(38) Humongous regions: 4->4
[2020-04-17T16:31:50.780+0800][4561.842s] GC(38) Metaspace: 41386K(42704K)->41386K(42704K) NonClass: 36458K(37376K)->36458K(37376K) Class: 4927K(5328K)->4927K(5328K)
[2020-04-17T16:31:50.780+0800][4561.842s] GC(38) Pause Young (Normal) (G1 Evacuation Pause) 449M->321M(512M) 0.797ms
[2020-04-17T16:31:50.780+0800][4561.842s] GC(38) User=0.00s Sys=0.00s Real=0.00s
[2020-04-17T16:31:50.862+0800][4561.924s] GC(39) Pause Young (Normal) (G1 Evacuation Pause)
[2020-04-17T16:31:50.862+0800][4561.924s] GC(39) Using 4 workers of 4 for evacuation
[2020-04-17T16:31:50.863+0800][4561.925s] GC(39)   Pre Evacuate Collection Set: 0.1ms
[2020-04-17T16:31:50.863+0800][4561.925s] GC(39)   Merge Heap Roots: 0.1ms
[2020-04-17T16:31:50.863+0800][4561.925s] GC(39)   Evacuate Collection Set: 0.1ms
[2020-04-17T16:31:50.863+0800][4561.925s] GC(39)   Post Evacuate Collection Set: 0.3ms
[2020-04-17T16:31:50.863+0800][4561.925s] GC(39)   Other: 0.1ms
[2020-04-17T16:31:50.863+0800][4561.925s] GC(39) Eden regions: 128->0(128)
[2020-04-17T16:31:50.863+0800][4561.925s] GC(39) Survivor regions: 0->0(32)
[2020-04-17T16:31:50.863+0800][4561.925s] GC(39) Old regions: 317->317
[2020-04-17T16:31:50.863+0800][4561.925s] GC(39) Archive regions: 2->2
[2020-04-17T16:31:50.863+0800][4561.925s] GC(39) Humongous regions: 4->4
[2020-04-17T16:31:50.863+0800][4561.925s] GC(39) Metaspace: 41386K(42704K)->41386K(42704K) NonClass: 36458K(37376K)->36458K(37376K) Class: 4927K(5328K)->4927K(5328K)
[2020-04-17T16:31:50.863+0800][4561.925s] GC(39) Pause Young (Normal) (G1 Evacuation Pause) 449M->321M(512M) 0.812ms
[2020-04-17T16:31:50.863+0800][4561.925s] GC(39) User=0.00s Sys=0.00s Real=0.00s
[2020-04-17T16:31:50.923+0800][4561.984s] GC(35) Concurrent Mark From Roots 475.763ms
[2020-04-17T16:31:50.923+0800][4561.984s] GC(35) Concurrent Preclean
[2020-04-17T16:31:50.923+0800][4561.985s] GC(35) Concurrent Preclean 0.137ms
[2020-04-17T16:31:50.923+0800][4561.985s] GC(35) Concurrent Mark (4561.509s, 4561.985s) 475.987ms
[2020-04-17T16:31:50.923+0800][4561.985s] GC(35) Pause Remark
[2020-04-17T16:31:50.927+0800][4561.988s] GC(35) Pause Remark 419M->419M(512M) 3.617ms
[2020-04-17T16:31:50.927+0800][4561.989s] GC(35) User=0.02s Sys=0.00s Real=0.00s
[2020-04-17T16:31:50.927+0800][4561.989s] GC(35) Concurrent Rebuild Remembered Sets
[2020-04-17T16:31:51.137+0800][4562.199s] GC(35) Concurrent Rebuild Remembered Sets 210.087ms
[2020-04-17T16:31:51.137+0800][4562.199s] GC(35) Pause Cleanup
[2020-04-17T16:31:51.138+0800][4562.200s] GC(35) Pause Cleanup 421M->421M(512M) 0.285ms
[2020-04-17T16:31:51.138+0800][4562.200s] GC(35) User=0.00s Sys=0.00s Real=0.00s
[2020-04-17T16:31:51.138+0800][4562.200s] GC(35) Concurrent Cleanup for Next Mark
[2020-04-17T16:31:51.139+0800][4562.201s] GC(35) Concurrent Cleanup for Next Mark 1.132ms
[2020-04-17T16:31:51.139+0800][4562.201s] GC(35) Concurrent Cycle 692.284ms
[2020-04-17T16:31:51.170+0800][4562.231s] Heap
[2020-04-17T16:31:51.170+0800][4562.231s]  garbage-first heap   total 524288K, used 435504K [0x00000007e0000000, 0x0000000800000000)
[2020-04-17T16:31:51.170+0800][4562.231s]   region size 1024K, 105 young (107520K), 0 survivors (0K)
[2020-04-17T16:31:51.170+0800][4562.231s]  Metaspace       used 41576K, capacity 42432K, committed 42960K, reserved 1087488K
[2020-04-17T16:31:51.170+0800][4562.231s]   class space    used 4952K, capacity 5279K, committed 5328K, reserved 1048576K
